<?xml version="1.0" encoding="UTF-8"?>
<testsuites>
  <testsuite name="fastlane.lanes">
    
    
    
      
      <testcase classname="fastlane.lanes" name="0: cocoapods" time="9.485705">
        
      </testcase>
    
      
      <testcase classname="fastlane.lanes" name="1: git_add" time="0.11908">
        
      </testcase>
    
      
      <testcase classname="fastlane.lanes" name="2: git_commit" time="0.078409">
        
      </testcase>
    
      
      <testcase classname="fastlane.lanes" name="3: push_to_git_remote" time="4.842998">
        
      </testcase>
    
      
      <testcase classname="fastlane.lanes" name="4: git_tag_exists" time="0.022661">
        
      </testcase>
    
      
      <testcase classname="fastlane.lanes" name="5: remove_tag" time="4.229861">
        
      </testcase>
    
      
      <testcase classname="fastlane.lanes" name="6: add_git_tag" time="0.03124">
        
      </testcase>
    
      
      <testcase classname="fastlane.lanes" name="7: push_git_tags" time="5.888643">
        
      </testcase>
    
      
      <testcase classname="fastlane.lanes" name="8: pod_push" time="74.849105">
        
          <failure message="/Users/wangyu/.rvm/gems/ruby-2.2.2@global/gems/fastlane-2.134.0/fastlane/lib/fastlane/actions/actions_helper.rb:48:in `execute_action'&#10;/Users/wangyu/.rvm/gems/ruby-2.2.2@global/gems/fastlane-2.134.0/fastlane/lib/fastlane/runner.rb:235:in `block in execute_action'&#10;/Users/wangyu/.rvm/gems/ruby-2.2.2@global/gems/fastlane-2.134.0/fastlane/lib/fastlane/runner.rb:227:in `chdir'&#10;/Users/wangyu/.rvm/gems/ruby-2.2.2@global/gems/fastlane-2.134.0/fastlane/lib/fastlane/runner.rb:227:in `execute_action'&#10;/Users/wangyu/.rvm/gems/ruby-2.2.2@global/gems/fastlane-2.134.0/fastlane/lib/fastlane/runner.rb:157:in `trigger_action_by_name'&#10;/Users/wangyu/.rvm/gems/ruby-2.2.2@global/gems/fastlane-2.134.0/fastlane/lib/fastlane/fast_file.rb:159:in `method_missing'&#10;Fastfile:43:in `block in parsing_binding'&#10;/Users/wangyu/.rvm/gems/ruby-2.2.2@global/gems/fastlane-2.134.0/fastlane/lib/fastlane/lane.rb:33:in `call'&#10;/Users/wangyu/.rvm/gems/ruby-2.2.2@global/gems/fastlane-2.134.0/fastlane/lib/fastlane/lane.rb:33:in `call'&#10;/Users/wangyu/.rvm/gems/ruby-2.2.2@global/gems/fastlane-2.134.0/fastlane/lib/fastlane/runner.rb:49:in `block in execute'&#10;/Users/wangyu/.rvm/gems/ruby-2.2.2@global/gems/fastlane-2.134.0/fastlane/lib/fastlane/runner.rb:45:in `chdir'&#10;/Users/wangyu/.rvm/gems/ruby-2.2.2@global/gems/fastlane-2.134.0/fastlane/lib/fastlane/runner.rb:45:in `execute'&#10;/Users/wangyu/.rvm/gems/ruby-2.2.2@global/gems/fastlane-2.134.0/fastlane/lib/fastlane/lane_manager.rb:56:in `cruise_lane'&#10;/Users/wangyu/.rvm/gems/ruby-2.2.2@global/gems/fastlane-2.134.0/fastlane/lib/fastlane/command_line_handler.rb:36:in `handle'&#10;/Users/wangyu/.rvm/gems/ruby-2.2.2@global/gems/fastlane-2.134.0/fastlane/lib/fastlane/commands_generator.rb:108:in `block (2 levels) in run'&#10;/Users/wangyu/.rvm/gems/ruby-2.2.2@global/gems/commander-fastlane-4.4.6/lib/commander/command.rb:178:in `call'&#10;/Users/wangyu/.rvm/gems/ruby-2.2.2@global/gems/commander-fastlane-4.4.6/lib/commander/command.rb:178:in `call'&#10;/Users/wangyu/.rvm/gems/ruby-2.2.2@global/gems/commander-fastlane-4.4.6/lib/commander/command.rb:153:in `run'&#10;/Users/wangyu/.rvm/gems/ruby-2.2.2@global/gems/commander-fastlane-4.4.6/lib/commander/runner.rb:476:in `run_active_command'&#10;/Users/wangyu/.rvm/rubies/ruby-2.2.2/lib/ruby/gems/2.2.0/gems/fastlane-2.134.0/fastlane_core/lib/fastlane_core/ui/fastlane_runner.rb:76:in `run!'&#10;/Users/wangyu/.rvm/gems/ruby-2.2.2@global/gems/commander-fastlane-4.4.6/lib/commander/delegates.rb:15:in `run!'&#10;/Users/wangyu/.rvm/gems/ruby-2.2.2@global/gems/fastlane-2.134.0/fastlane/lib/fastlane/commands_generator.rb:349:in `run'&#10;/Users/wangyu/.rvm/gems/ruby-2.2.2@global/gems/fastlane-2.134.0/fastlane/lib/fastlane/commands_generator.rb:41:in `start'&#10;/Users/wangyu/.rvm/gems/ruby-2.2.2@global/gems/fastlane-2.134.0/fastlane/lib/fastlane/cli_tools_distributor.rb:119:in `take_off'&#10;/Users/wangyu/.rvm/gems/ruby-2.2.2@global/gems/fastlane-2.134.0/bin/fastlane:23:in `&lt;top (required)&gt;'&#10;/Users/wangyu/.rvm/gems/ruby-2.2.2/bin/fastlane:23:in `load'&#10;/Users/wangyu/.rvm/gems/ruby-2.2.2/bin/fastlane:23:in `&lt;main&gt;'&#10;&#10;Exit status of command 'pod repo push WFSpecs 'WFShopMall.podspec' --allow-warnings' was 1 instead of 0.&#10;&#10;Validating spec&#10; -&gt; WFShopMall -&gt; WFShopMall (0.2.9)&#10;    - ERROR | [iOS] xcodebuild: Returned an unsuccessful exit code. You can use `--verbose` for more information.&#10;    - NOTE  | xcodebuild:  note: Using new build system&#10;    - NOTE  | [iOS] xcodebuild:  note: Planning build&#10;    - NOTE  | [iOS] xcodebuild:  note: Constructing build description&#10;    - NOTE  | [iOS] xcodebuild:  warning: Skipping code signing because the target does not have an Info.plist file and one is not being generated automatically. (in target 'App' from project 'App')&#10;    - NOTE  | xcodebuild:  libpng warning: Warning: Input PNG does not have an 8 bit input depth.  Please convert your PNG to 8-bit for optimal performance on iPhone OS.&#10;    - NOTE  | [iOS] xcodebuild:  ld: warning: meta method 'dictionTransformationJson:' in category from /Users/wangyu/Library/Developer/Xcode/DerivedData/App-arlryidtivojelbcnbrmtifnclom/Build/Intermediates.noindex/Pods.build/Release-iphonesimulator/WFBasics.build/Objects-normal/x86_64/NSString+Regular.o conflicts with same method from another category&#10;    - NOTE  | [iOS] xcodebuild:  ld: warning: meta method 'isBlankString:' in category from /Users/wangyu/Library/Developer/Xcode/DerivedData/App-arlryidtivojelbcnbrmtifnclom/Build/Intermediates.noindex/Pods.build/Release-iphonesimulator/WFBasics.build/Objects-normal/x86_64/NSString+Regular.o conflicts with same method from another category&#10;    - NOTE  | [iOS] xcodebuild:  ld: warning: meta method 'dictionTransformationJson:' in category from /Users/wangyu/Library/Developer/Xcode/DerivedData/App-arlryidtivojelbcnbrmtifnclom/Build/Intermediates.noindex/Pods.build/Release-iphonesimulator/WFBasics.build/Objects-normal/i386/NSString+Regular.o conflicts with same method from another category&#10;    - NOTE  | [iOS] xcodebuild:  ld: warning: meta method 'isBlankString:' in category from /Users/wangyu/Library/Developer/Xcode/DerivedData/App-arlryidtivojelbcnbrmtifnclom/Build/Intermediates.noindex/Pods.build/Release-iphonesimulator/WFBasics.build/Objects-normal/i386/NSString+Regular.o conflicts with same method from another category&#10;    - WARN  | xcodebuild:  WFShopMall/WFShopMall/Classes/ShopMall/Model/YFMediatorManager+WFShopMall.h:20:12: warning: parameter 'thumbImageName' not found in the function declaration [-Wdocumentation]&#10;    - NOTE  | xcodebuild:  WFShopMall/WFShopMall/Classes/ShopMall/Model/YFMediatorManager+WFShopMall.h:20:12: note: did you mean 'thumbImage'?&#10;    - WARN  | xcodebuild:  WFShopMall/WFShopMall/Classes/ShopMall/DataTool/WFShopDataTool.h:94:9: warning: parameter 'params' not found in the function declaration [-Wdocumentation]&#10;    - NOTE  | xcodebuild:  WFShopMall/WFShopMall/Classes/ShopMall/DataTool/WFShopDataTool.h:94:9: note: did you mean 'failBlock'?&#10;    - WARN  | xcodebuild:  WFShopMall/WFShopMall/Classes/ShopMall/DataTool/WFShopDataTool.h:107:9: warning: parameter 'params' not found in the function declaration [-Wdocumentation]&#10;    - NOTE  | xcodebuild:  WFShopMall/WFShopMall/Classes/ShopMall/DataTool/WFShopDataTool.h:107:9: note: did you mean 'failBlock'?&#10;    - WARN  | xcodebuild:  WFShopMall/WFShopMall/Classes/ShopMall/View/WFShopMallTopActivityView.h:16:48: warning: this block declaration is not a prototype [-Wstrict-prototypes]&#10;    - WARN  | xcodebuild:  WFShopMall/WFShopMall/Classes/ShopMall/Controller/WFShopMallIncomeViewController.h:16:39: warning: auto property synthesis will not synthesize property 'urlString'; it will be implemented by its superclass, use @dynamic to acknowledge intention [-Wobjc-property-synthesis]&#10;    - NOTE  | xcodebuild:  WFKitMain/WFKitMain/Classes/Controller/WFBaseNoNavWebViewController.h:27:40: note: property declared here&#10;    - NOTE  | xcodebuild:  WFShopMall/WFShopMall/Classes/ShopMall/Controller/WFShopMallIncomeViewController.m:19:17: note: detected while default synthesizing properties in class implementation&#10;    - WARN  | xcodebuild:  WFShopMall/WFShopMall/Classes/ShopMall/DataTool/WFShopDataTool.m:144:25: warning: incompatible pointer types passing 'NSString * _Nullable' to parameter of type 'NSDictionary *' [-Wincompatible-pointer-types]&#10;    - WARN  | xcodebuild:  WFShopMall/WFShopMall/Classes/ShopMall/Controller/WFBindWithdrawViewController.m:59:131: warning: treating Unicode character as whitespace [-Wunicode-whitespace]&#10;    - WARN  | xcodebuild:  WFShopMall/WFShopMall/Classes/ShopMall/Controller/IncomeJsApiTest.m:79:27: warning: incompatible pointer types passing 'NSDictionary * _Nonnull' to parameter of type 'NSString * _Nullable' [-Wincompatible-pointer-types]&#10;    - ERROR | xcodebuild:  /Users/wangyu/Library/Developer/Xcode/DerivedData/App-arlryidtivojelbcnbrmtifnclom/Build/Products/Release-iphonesimulator/WFShopMall/WFShopMall.framework/Headers/IncomeJsApiTest.h:9:9: error: include of non-modular header inside framework module 'WFShopMall.IncomeJsApiTest': '/Users/wangyu/Library/Developer/Xcode/DerivedData/App-arlryidtivojelbcnbrmtifnclom/Build/Products/Release-iphonesimulator/dsBridge/dsBridge.framework/Headers/dsbridge.h' [-Werror,-Wnon-modular-include-in-framework-module]&#10;    - ERROR | xcodebuild:  /Users/wangyu/Library/Developer/Xcode/DerivedData/App-arlryidtivojelbcnbrmtifnclom/Build/Products/Release-iphonesimulator/WFShopMall/WFShopMall.framework/Headers/MMScanViewController.h:10:9: error: include of non-modular header inside framework module 'WFShopMall.MMScanViewController': '/Users/wangyu/Library/Developer/Xcode/DerivedData/App-arlryidtivojelbcnbrmtifnclom/Build/Products/Release-iphonesimulator/WFKitMain/WFKitMain.framework/Headers/YFBaseViewController.h' [-Werror,-Wnon-modular-include-in-framework-module]&#10;    - WARN  | xcodebuild:  /Users/wangyu/Library/Developer/Xcode/DerivedData/App-arlryidtivojelbcnbrmtifnclom/Build/Products/Release-iphonesimulator/WFShopMall/WFShopMall.framework/Headers/WFShopDataTool.h:94:9: warning: parameter 'params' not found in the function declaration [-Wdocumentation]&#10;    - NOTE  | xcodebuild:  /Users/wangyu/Library/Developer/Xcode/DerivedData/App-arlryidtivojelbcnbrmtifnclom/Build/Products/Release-iphonesimulator/WFShopMall/WFShopMall.framework/Headers/WFShopDataTool.h:94:9: note: did you mean 'failBlock'?&#10;    - WARN  | xcodebuild:  /Users/wangyu/Library/Developer/Xcode/DerivedData/App-arlryidtivojelbcnbrmtifnclom/Build/Products/Release-iphonesimulator/WFShopMall/WFShopMall.framework/Headers/WFShopDataTool.h:107:9: warning: parameter 'params' not found in the function declaration [-Wdocumentation]&#10;    - NOTE  | xcodebuild:  /Users/wangyu/Library/Developer/Xcode/DerivedData/App-arlryidtivojelbcnbrmtifnclom/Build/Products/Release-iphonesimulator/WFShopMall/WFShopMall.framework/Headers/WFShopDataTool.h:107:9: note: did you mean 'failBlock'?&#10;    - WARN  | xcodebuild:  /Users/wangyu/Library/Developer/Xcode/DerivedData/App-arlryidtivojelbcnbrmtifnclom/Build/Products/Release-iphonesimulator/WFShopMall/WFShopMall.framework/Headers/YFMediatorManager+WFShopMall.h:20:12: warning: parameter 'thumbImageName' not found in the function declaration [-Wdocumentation]&#10;    - NOTE  | xcodebuild:  /Users/wangyu/Library/Developer/Xcode/DerivedData/App-arlryidtivojelbcnbrmtifnclom/Build/Products/Release-iphonesimulator/WFShopMall/WFShopMall.framework/Headers/YFMediatorManager+WFShopMall.h:20:12: note: did you mean 'thumbImage'?&#10;    - WARN  | xcodebuild:  /Users/wangyu/Library/Developer/Xcode/DerivedData/App-arlryidtivojelbcnbrmtifnclom/Build/Products/Release-iphonesimulator/WFShopMall/WFShopMall.framework/Headers/WFShopMallTopActivityView.h:16:48: warning: this block declaration is not a prototype [-Wstrict-prototypes]&#10;    - NOTE  | xcodebuild:  /var/folders/tb/4kcnkcd5703gmc9t7ps7fzz40000gn/T/CocoaPods-Lint-20191209-11811-qt8qqq-WFShopMall/App/main.m:3:9: fatal error: could not build module 'WFShopMall'&#10;&#10;[!] The `WFShopMall.podspec` specification does not validate.&#10;&#10;[!] Found multiple specifications for `WFKitMain (0.1.0)`:&#10;- /Users/wangyu/.cocoapods/repos/WFSpecs/WFKitMain/0.1.0/WFKitMain.podspec&#10;- /Users/wangyu/.cocoapods/repos/WKBaseSpecs/WFKitMain/0.1.0/WFKitMain.podspec&#10;&#10;[!] Found multiple specifications for `WKFunComponents (0.1.0)`:&#10;- /Users/wangyu/.cocoapods/repos/WFSpecs/WKFunComponents/0.1.0/WKFunComponents.podspec&#10;- /Users/wangyu/.cocoapods/repos/WKBaseSpecs/WKFunComponents/0.1.0/WKFunComponents.podspec&#10;" />
        
      </testcase>
    
  </testsuite>
</testsuites>
